2026-02-10 15:21:17,024 | services.job_fetcher | INFO | Starting job fetch: skills=[], profile=Devops engineer, locations=['Remote'], manual_terms=[]
2026-02-10 15:21:17,384 | scrapers.rss_common | WARNING | RSS feed parsing warning for Jobs Collider: <urlopen error [Errno 11001] getaddrinfo failed>
2026-02-10 15:21:17,399 | scrapers.rss_common | INFO | RSS Jobs Collider: fetched 0 jobs
2026-02-10 15:21:17,492 | scrapers.rss_common | WARNING | RSS feed parsing warning for WorkingViral: <urlopen error [Errno 11001] getaddrinfo failed>
2026-02-10 15:21:17,492 | scrapers.rss_common | INFO | RSS WorkingViral: fetched 0 jobs
2026-02-10 15:21:18,000 | scrapers.rss_common | WARNING | RSS feed parsing warning for Stack Overflow: <unknown>:21:26: not well-formed (invalid token)
2026-02-10 15:21:18,000 | scrapers.rss_common | INFO | RSS Stack Overflow: fetched 0 jobs
2026-02-10 15:21:18,150 | scrapers.rss_common | WARNING | RSS feed parsing warning for JobAlign: <urlopen error [SSL: CERTIFICATE_VERIFY_FAILED] certificate verify failed: Hostname mismatch, certificate is not valid for 'jobalign.com'. (_ssl.c:1006)>
2026-02-10 15:21:18,150 | scrapers.rss_common | INFO | RSS JobAlign: fetched 0 jobs
2026-02-10 15:21:18,399 | scrapers.himalayas_api | ERROR | Himalayas API error: HTTPSConnectionPool(host='api.thehimalayas.com', port=443): Max retries exceeded with url: /jobs?search=devops+engineer (Caused by SSLError(SSLError(1, '[SSL: TLSV1_UNRECOGNIZED_NAME] tlsv1 unrecognized name (_ssl.c:1006)')))
2026-02-10 15:21:18,466 | scrapers.rss_common | WARNING | RSS feed parsing warning for Remote.CA: <unknown>:43:2: mismatched tag
2026-02-10 15:21:18,466 | scrapers.rss_common | INFO | RSS Remote.CA: fetched 0 jobs
2026-02-10 15:21:18,703 | scrapers.rss_common | WARNING | RSS feed parsing warning for JavaScript Jobs: <urlopen error [Errno 11001] getaddrinfo failed>
2026-02-10 15:21:18,703 | scrapers.rss_common | INFO | RSS JavaScript Jobs: fetched 0 jobs
2026-02-10 15:21:18,752 | scrapers.rss_common | WARNING | RSS feed parsing warning for Python Jobs: text/html is not an XML media type
2026-02-10 15:21:18,752 | scrapers.rss_common | INFO | RSS Python Jobs: fetched 0 jobs
2026-02-10 15:21:19,624 | scrapers.rss_common | WARNING | RSS feed parsing warning for JobIcy: <unknown>:2:751: not well-formed (invalid token)
2026-02-10 15:21:19,624 | scrapers.rss_common | INFO | RSS JobIcy: fetched 0 jobs
2026-02-10 15:21:19,737 | scrapers.remotive_api | INFO | Remotive API: fetched 1 jobs
2026-02-10 15:21:19,859 | scrapers.rss_common | WARNING | RSS feed parsing warning for Rust Jobs: <urlopen error [Errno 11001] getaddrinfo failed>
2026-02-10 15:21:19,859 | scrapers.rss_common | INFO | RSS Rust Jobs: fetched 0 jobs
2026-02-10 15:21:19,990 | scrapers.rss_common | WARNING | RSS feed parsing warning for Java Jobs: <urlopen error [Errno 11001] getaddrinfo failed>
2026-02-10 15:21:19,990 | scrapers.rss_common | INFO | RSS Java Jobs: fetched 0 jobs
2026-02-10 15:21:20,304 | scrapers.rss_common | WARNING | RSS feed parsing warning for No Fluff Jobs: <unknown>:43:9823: mismatched tag
2026-02-10 15:21:20,304 | scrapers.rss_common | WARNING | RSS feed parsing warning for DevOps Jobs: <urlopen error [SSL: CERTIFICATE_VERIFY_FAILED] certificate verify failed: Hostname mismatch, certificate is not valid for 'www.devopsboard.com'. (_ssl.c:1006)>
2026-02-10 15:21:20,335 | scrapers.rss_common | INFO | RSS No Fluff Jobs: fetched 0 jobs
2026-02-10 15:21:20,387 | scrapers.rss_common | WARNING | RSS feed parsing warning for DeveloperJob: <unknown>:12:65: not well-formed (invalid token)
2026-02-10 15:21:20,387 | scrapers.rss_common | INFO | RSS DevOps Jobs: fetched 0 jobs
2026-02-10 15:21:20,414 | scrapers.rss_common | INFO | RSS DeveloperJob: fetched 0 jobs
2026-02-10 15:21:20,849 | scrapers.common | DEBUG | Could not parse date: Mon, 09 Feb 2026 21:15:55 GMT
2026-02-10 15:21:20,849 | scrapers.common | DEBUG | Could not parse date: Sun, 08 Feb 2026 22:01:13 GMT
2026-02-10 15:21:20,852 | scrapers.common | DEBUG | Could not parse date: Fri, 06 Feb 2026 22:41:25 GMT
2026-02-10 15:21:20,852 | scrapers.common | DEBUG | Could not parse date: Fri, 06 Feb 2026 16:14:35 GMT
2026-02-10 15:21:20,854 | scrapers.common | DEBUG | Could not parse date: Wed, 04 Feb 2026 17:01:32 GMT
2026-02-10 15:21:20,854 | scrapers.common | DEBUG | Could not parse date: Wed, 04 Feb 2026 08:43:19 GMT
2026-02-10 15:21:20,854 | scrapers.common | DEBUG | Could not parse date: Mon, 02 Feb 2026 20:00:50 GMT
2026-02-10 15:21:20,854 | scrapers.common | DEBUG | Could not parse date: Mon, 26 Jan 2026 07:45:51 GMT
2026-02-10 15:21:20,854 | scrapers.common | DEBUG | Could not parse date: Sat, 24 Jan 2026 14:35:10 GMT
2026-02-10 15:21:20,854 | scrapers.common | DEBUG | Could not parse date: Sat, 24 Jan 2026 14:33:27 GMT
2026-02-10 15:21:20,863 | scrapers.common | DEBUG | Could not parse date: Fri, 23 Jan 2026 21:23:08 GMT
2026-02-10 15:21:20,863 | scrapers.common | DEBUG | Could not parse date: Tue, 20 Jan 2026 21:33:20 GMT
2026-02-10 15:21:20,863 | scrapers.common | DEBUG | Could not parse date: Sun, 18 Jan 2026 14:31:16 GMT
2026-02-10 15:21:20,868 | scrapers.common | DEBUG | Could not parse date: Fri, 16 Jan 2026 14:01:26 GMT
2026-02-10 15:21:20,868 | scrapers.common | DEBUG | Could not parse date: Fri, 16 Jan 2026 10:16:08 GMT
2026-02-10 15:21:20,868 | scrapers.common | DEBUG | Could not parse date: Fri, 16 Jan 2026 10:16:03 GMT
2026-02-10 15:21:20,868 | scrapers.common | DEBUG | Could not parse date: Wed, 14 Jan 2026 20:46:36 GMT
2026-02-10 15:21:20,868 | scrapers.common | DEBUG | Could not parse date: Wed, 14 Jan 2026 20:46:28 GMT
2026-02-10 15:21:20,868 | scrapers.common | DEBUG | Could not parse date: Wed, 14 Jan 2026 13:45:40 GMT
2026-02-10 15:21:20,868 | scrapers.common | DEBUG | Could not parse date: Tue, 13 Jan 2026 18:29:39 GMT
2026-02-10 15:21:20,868 | scrapers.common | DEBUG | Could not parse date: Tue, 13 Jan 2026 17:34:31 GMT
2026-02-10 15:21:20,879 | scrapers.common | DEBUG | Could not parse date: Tue, 13 Jan 2026 09:27:49 GMT
2026-02-10 15:21:20,879 | scrapers.common | DEBUG | Could not parse date: Mon, 12 Jan 2026 21:00:39 GMT
2026-02-10 15:21:20,879 | scrapers.common | DEBUG | Could not parse date: Mon, 12 Jan 2026 13:19:44 GMT
2026-02-10 15:21:20,879 | scrapers.common | DEBUG | Could not parse date: Sun, 11 Jan 2026 20:30:35 GMT
2026-02-10 15:21:20,879 | scrapers.common | DEBUG | Could not parse date: Sat, 10 Jan 2026 23:00:36 GMT
2026-02-10 15:21:20,885 | scrapers.rss_common | INFO | RSS Remotive RSS: fetched 26 jobs
2026-02-10 15:21:21,161 | scrapers.rss_common | WARNING | RSS feed parsing warning for Data Jobs: <urlopen error [Errno 11001] getaddrinfo failed>
2026-02-10 15:21:21,234 | scrapers.rss_common | INFO | RSS Data Jobs: fetched 0 jobs
2026-02-10 15:21:21,533 | scrapers.common | DEBUG | Could not parse date: Tue, 03 Feb 2026 15:46:09 +0000
2026-02-10 15:21:21,659 | scrapers.common | DEBUG | Could not parse date: Mon, 26 Jan 2026 17:02:20 +0000
2026-02-10 15:21:21,659 | scrapers.common | DEBUG | Could not parse date: Tue, 08 Jul 2025 19:57:39 +0000
2026-02-10 15:21:21,700 | scrapers.common | DEBUG | Could not parse date: Fri, 20 Jun 2025 19:14:26 +0000
2026-02-10 15:21:21,762 | scrapers.common | DEBUG | Could not parse date: Thu, 19 Jun 2025 13:23:02 +0000
2026-02-10 15:21:21,894 | scrapers.rss_common | WARNING | RSS feed parsing warning for Design Jobs: <unknown>:28:76: not well-formed (invalid token)
2026-02-10 15:21:21,926 | scrapers.rss_common | INFO | RSS Design Jobs: fetched 0 jobs
2026-02-10 15:21:21,894 | scrapers.common | DEBUG | Could not parse date: Thu, 19 Jun 2025 12:24:11 +0000
2026-02-10 15:21:22,031 | scrapers.common | DEBUG | Could not parse date: Wed, 18 Jun 2025 15:37:21 +0000
2026-02-10 15:21:22,047 | scrapers.common | DEBUG | Could not parse date: Wed, 18 Jun 2025 14:36:38 +0000
2026-02-10 15:21:22,119 | scrapers.rss_common | WARNING | RSS feed parsing warning for Marketing Jobs: <unknown>:26:113: not well-formed (invalid token)
2026-02-10 15:21:22,127 | scrapers.common | DEBUG | Could not parse date: Tue, 17 Jun 2025 21:47:12 +0000
2026-02-10 15:21:22,127 | scrapers.rss_common | INFO | RSS Marketing Jobs: fetched 0 jobs
2026-02-10 15:21:22,159 | scrapers.common | DEBUG | Could not parse date: Tue, 17 Jun 2025 21:11:29 +0000
2026-02-10 15:21:22,246 | scrapers.rss_common | INFO | RSS Authentic Jobs: fetched 10 jobs
2026-02-10 15:21:22,254 | scrapers.arbeitnow_api | ERROR | ArbeitNow API error: Expecting value: line 1 column 1 (char 0)
2026-02-10 15:21:22,712 | scrapers.rss_common | WARNING | RSS feed parsing warning for Golang Jobs: <unknown>:12:65: not well-formed (invalid token)
2026-02-10 15:21:22,778 | scrapers.rss_common | INFO | RSS Golang Jobs: fetched 0 jobs
2026-02-10 15:21:22,794 | scrapers.rss_common | WARNING | RSS feed parsing warning for Sales Jobs: <unknown>:26:113: not well-formed (invalid token)
2026-02-10 15:21:22,861 | scrapers.rss_common | INFO | RSS Sales Jobs: fetched 0 jobs
2026-02-10 15:21:23,012 | scrapers.rss_common | WARNING | RSS feed parsing warning for Translator Jobs: text/html is not an XML media type
2026-02-10 15:21:23,027 | scrapers.rss_common | INFO | RSS Translator Jobs: fetched 0 jobs
2026-02-10 15:21:23,108 | scrapers.rss_common | WARNING | RSS feed parsing warning for Business Jobs: <urlopen error [Errno 11001] getaddrinfo failed>
2026-02-10 15:21:23,172 | scrapers.rss_common | INFO | RSS Business Jobs: fetched 0 jobs
2026-02-10 15:21:23,226 | scrapers.rss_common | WARNING | RSS feed parsing warning for Project Management Jobs: <urlopen error [Errno 11001] getaddrinfo failed>
2026-02-10 15:21:23,291 | scrapers.rss_common | INFO | RSS Project Management Jobs: fetched 0 jobs
2026-02-10 15:21:23,409 | scrapers.rss_common | WARNING | RSS feed parsing warning for AI Jobs: <unknown>:2:0: syntax error
2026-02-10 15:21:23,437 | scrapers.rss_common | INFO | RSS AI Jobs: fetched 0 jobs
2026-02-10 15:21:24,370 | scrapers.rss_common | WARNING | RSS feed parsing warning for Virtual Jobs: <unknown>:2:33: not well-formed (invalid token)
2026-02-10 15:21:24,372 | scrapers.rss_common | INFO | RSS Virtual Jobs: fetched 0 jobs
2026-02-10 15:21:25,418 | scrapers.rss_common | WARNING | RSS feed parsing warning for We Work Remotely: <unknown>:2:26: not well-formed (invalid token)
2026-02-10 15:21:25,418 | scrapers.rss_common | INFO | RSS We Work Remotely: fetched 0 jobs
2026-02-10 15:21:26,343 | scrapers.rss_common | WARNING | RSS feed parsing warning for Security Jobs: <unknown>:3:0: XML or text declaration not at start of entity
2026-02-10 15:21:26,343 | scrapers.common | DEBUG | Could not parse date: Thu, 05 Feb 2026 20:18:35 +0000
2026-02-10 15:21:26,343 | scrapers.rss_common | INFO | RSS Security Jobs: fetched 1 jobs
2026-02-10 15:21:27,181 | scrapers.rss_common | WARNING | RSS feed parsing warning for Content Jobs: text/html; charset=utf-8 is not an XML media type
2026-02-10 15:21:27,181 | scrapers.rss_common | INFO | RSS Content Jobs: fetched 0 jobs
2026-02-10 15:21:37,845 | scrapers.rss_common | ERROR | RSS feed error for FlexJobs: Remote end closed connection without response
2026-02-10 15:21:38,494 | scrapers.rss_common | WARNING | RSS feed parsing warning for GitHub Jobs: <urlopen error [WinError 10049] The requested address is not valid in its context>
2026-02-10 15:21:38,494 | scrapers.rss_common | INFO | RSS GitHub Jobs: fetched 0 jobs
2026-02-10 15:22:00,826 | scrapers.rss_common | WARNING | RSS feed parsing warning for Ruby on Rails Jobs: <urlopen error [WinError 10060] A connection attempt failed because the connected party did not properly respond after a period of time, or established connection failed because connected host has failed to respond>
2026-02-10 15:22:00,826 | scrapers.rss_common | INFO | RSS Ruby on Rails Jobs: fetched 0 jobs
2026-02-10 15:22:47,336 | scrapers.rss_common | WARNING | RSS feed parsing warning for Education Jobs: <urlopen error [WinError 10060] A connection attempt failed because the connected party did not properly respond after a period of time, or established connection failed because connected host has failed to respond>
2026-02-10 15:22:47,336 | scrapers.rss_common | INFO | RSS Education Jobs: fetched 0 jobs
2026-02-10 15:22:47,340 | services.job_fetcher | INFO | Completed all 35 sources, 13 total matches
2026-02-10 15:22:47,340 | services.job_fetcher | INFO | After date filter (all): 13 jobs
2026-02-10 15:22:47,342 | services.job_fetcher | INFO | After location filter: 13 jobs
2026-02-10 15:22:47,378 | utils.cache | DEBUG | Cache SET for key: jobs_4845477490116918084 (TTL: 20m)
2026-02-10 15:22:47,378 | services.job_fetcher | INFO | Final results: 13 jobs from 35 sources
2026-02-10 15:47:53,287 | services.job_fetcher | INFO | Starting job fetch: skills=[], profile=azure Devops, locations=['Remote'], manual_terms=[]
2026-02-10 15:47:53,865 | scrapers.rss_common | WARNING | RSS feed parsing warning for Jobs Collider: <urlopen error [Errno 11001] getaddrinfo failed>
2026-02-10 15:47:53,867 | scrapers.rss_common | INFO | RSS Jobs Collider: fetched 0 jobs
2026-02-10 15:47:53,869 | services.job_fetcher | DEBUG | Source JobsCollider returned 0 jobs in 0.55s
2026-02-10 15:47:53,978 | scrapers.rss_common | WARNING | RSS feed parsing warning for WorkingViral: <urlopen error [Errno 11001] getaddrinfo failed>
2026-02-10 15:47:53,978 | scrapers.rss_common | INFO | RSS WorkingViral: fetched 0 jobs
2026-02-10 15:47:53,978 | services.job_fetcher | DEBUG | Source WorkingViral returned 0 jobs in 0.55s
2026-02-10 15:47:54,412 | scrapers.rss_common | WARNING | RSS feed parsing warning for JobIcy: <unknown>:2:751: not well-formed (invalid token)
2026-02-10 15:47:54,412 | scrapers.rss_common | INFO | RSS JobIcy: fetched 0 jobs
2026-02-10 15:47:54,415 | services.job_fetcher | DEBUG | Source JobIcy returned 0 jobs in 0.96s
2026-02-10 15:47:54,546 | scrapers.rss_common | WARNING | RSS feed parsing warning for Stack Overflow: <unknown>:21:26: not well-formed (invalid token)
2026-02-10 15:47:54,546 | scrapers.rss_common | INFO | RSS Stack Overflow: fetched 0 jobs
2026-02-10 15:47:54,546 | services.job_fetcher | DEBUG | Source StackOverflow returned 0 jobs in 0.98s
2026-02-10 15:47:54,927 | scrapers.rss_common | WARNING | RSS feed parsing warning for JobAlign: <urlopen error [SSL: CERTIFICATE_VERIFY_FAILED] certificate verify failed: Hostname mismatch, certificate is not valid for 'jobalign.com'. (_ssl.c:1006)>
2026-02-10 15:47:54,927 | scrapers.rss_common | INFO | RSS JobAlign: fetched 0 jobs
2026-02-10 15:47:54,927 | services.job_fetcher | DEBUG | Source JobAlign returned 0 jobs in 1.50s
2026-02-10 15:47:54,976 | scrapers.rss_common | WARNING | RSS feed parsing warning for Remote.CA: <unknown>:43:2: mismatched tag
2026-02-10 15:47:54,976 | scrapers.rss_common | INFO | RSS Remote.CA: fetched 0 jobs
2026-02-10 15:47:54,976 | services.job_fetcher | DEBUG | Source RemoteCA returned 0 jobs in 1.44s
2026-02-10 15:47:55,016 | scrapers.himalayas_api | ERROR | Himalayas API error: HTTPSConnectionPool(host='api.thehimalayas.com', port=443): Max retries exceeded with url: /jobs?search=azure+devops (Caused by SSLError(SSLError(1, '[SSL: TLSV1_UNRECOGNIZED_NAME] tlsv1 unrecognized name (_ssl.c:1006)')))
2026-02-10 15:47:55,016 | services.job_fetcher | DEBUG | Source Himalayas returned 0 jobs in 1.70s
2026-02-10 15:47:56,058 | scrapers.remotive_api | INFO | Remotive API: fetched 0 jobs
2026-02-10 15:47:56,068 | services.job_fetcher | DEBUG | Source RemotiveAPI returned 0 jobs in 2.75s
2026-02-10 15:47:56,450 | scrapers.rss_common | WARNING | RSS feed parsing warning for JavaScript Jobs: <urlopen error [Errno 11001] getaddrinfo failed>
2026-02-10 15:47:56,515 | scrapers.rss_common | INFO | RSS JavaScript Jobs: fetched 0 jobs
2026-02-10 15:47:56,631 | services.job_fetcher | DEBUG | Source JavaScriptJobs returned 0 jobs in 1.62s
2026-02-10 15:47:56,754 | scrapers.rss_common | WARNING | RSS feed parsing warning for No Fluff Jobs: <unknown>:43:9823: mismatched tag
2026-02-10 15:47:56,754 | scrapers.rss_common | INFO | RSS No Fluff Jobs: fetched 0 jobs
2026-02-10 15:47:56,754 | services.job_fetcher | DEBUG | Source NoFluffJobs returned 0 jobs in 2.21s
2026-02-10 15:47:57,379 | scrapers.arbeitnow_api | ERROR | ArbeitNow API error: Expecting value: line 1 column 1 (char 0)
2026-02-10 15:47:57,379 | services.job_fetcher | DEBUG | Source ArbeitNow returned 0 jobs in 4.06s
2026-02-10 15:47:58,161 | scrapers.rss_common | WARNING | RSS feed parsing warning for Rust Jobs: <urlopen error [Errno 11001] getaddrinfo failed>
2026-02-10 15:47:58,182 | scrapers.rss_common | INFO | RSS Rust Jobs: fetched 0 jobs
2026-02-10 15:47:58,192 | services.job_fetcher | DEBUG | Source RustJobs returned 0 jobs in 1.59s
2026-02-10 15:47:58,214 | scrapers.rss_common | WARNING | RSS feed parsing warning for Java Jobs: <urlopen error [Errno 11001] getaddrinfo failed>
2026-02-10 15:47:58,227 | scrapers.rss_common | INFO | RSS Java Jobs: fetched 0 jobs
2026-02-10 15:47:58,227 | services.job_fetcher | DEBUG | Source JavaJobs returned 0 jobs in 1.47s
2026-02-10 15:47:58,328 | scrapers.common | DEBUG | Could not parse date: Mon, 09 Feb 2026 21:15:55 GMT
2026-02-10 15:47:58,328 | scrapers.common | DEBUG | Could not parse date: Sun, 08 Feb 2026 22:01:13 GMT
2026-02-10 15:47:58,328 | scrapers.common | DEBUG | Could not parse date: Fri, 06 Feb 2026 22:41:25 GMT
2026-02-10 15:47:58,328 | scrapers.common | DEBUG | Could not parse date: Fri, 06 Feb 2026 16:14:35 GMT
2026-02-10 15:47:58,334 | scrapers.common | DEBUG | Could not parse date: Wed, 04 Feb 2026 17:01:32 GMT
2026-02-10 15:47:58,334 | scrapers.common | DEBUG | Could not parse date: Wed, 04 Feb 2026 08:43:19 GMT
2026-02-10 15:47:58,334 | scrapers.common | DEBUG | Could not parse date: Mon, 02 Feb 2026 20:00:50 GMT
2026-02-10 15:47:58,334 | scrapers.common | DEBUG | Could not parse date: Mon, 26 Jan 2026 07:45:51 GMT
2026-02-10 15:47:58,334 | scrapers.common | DEBUG | Could not parse date: Sat, 24 Jan 2026 14:35:10 GMT
2026-02-10 15:47:58,334 | scrapers.common | DEBUG | Could not parse date: Sat, 24 Jan 2026 14:33:27 GMT
2026-02-10 15:47:58,343 | scrapers.common | DEBUG | Could not parse date: Fri, 23 Jan 2026 21:23:08 GMT
2026-02-10 15:47:58,344 | scrapers.common | DEBUG | Could not parse date: Tue, 20 Jan 2026 21:33:20 GMT
2026-02-10 15:47:58,344 | scrapers.common | DEBUG | Could not parse date: Sun, 18 Jan 2026 14:31:16 GMT
2026-02-10 15:47:58,344 | scrapers.common | DEBUG | Could not parse date: Fri, 16 Jan 2026 14:01:26 GMT
2026-02-10 15:47:58,344 | scrapers.common | DEBUG | Could not parse date: Fri, 16 Jan 2026 10:16:08 GMT
2026-02-10 15:47:58,350 | scrapers.common | DEBUG | Could not parse date: Fri, 16 Jan 2026 10:16:03 GMT
2026-02-10 15:47:58,350 | scrapers.common | DEBUG | Could not parse date: Wed, 14 Jan 2026 20:46:36 GMT
2026-02-10 15:47:58,350 | scrapers.common | DEBUG | Could not parse date: Wed, 14 Jan 2026 20:46:28 GMT
2026-02-10 15:47:58,350 | scrapers.common | DEBUG | Could not parse date: Wed, 14 Jan 2026 13:45:40 GMT
2026-02-10 15:47:58,350 | scrapers.common | DEBUG | Could not parse date: Tue, 13 Jan 2026 18:29:39 GMT
2026-02-10 15:47:58,350 | scrapers.common | DEBUG | Could not parse date: Tue, 13 Jan 2026 17:34:31 GMT
2026-02-10 15:47:58,359 | scrapers.common | DEBUG | Could not parse date: Tue, 13 Jan 2026 09:27:49 GMT
2026-02-10 15:47:58,359 | scrapers.common | DEBUG | Could not parse date: Mon, 12 Jan 2026 21:00:39 GMT
2026-02-10 15:47:58,361 | scrapers.common | DEBUG | Could not parse date: Mon, 12 Jan 2026 13:19:44 GMT
2026-02-10 15:47:58,361 | scrapers.common | DEBUG | Could not parse date: Sun, 11 Jan 2026 20:30:35 GMT
2026-02-10 15:47:58,361 | scrapers.common | DEBUG | Could not parse date: Sat, 10 Jan 2026 23:00:36 GMT
2026-02-10 15:47:58,361 | scrapers.rss_common | INFO | RSS Remotive RSS: fetched 26 jobs
2026-02-10 15:47:58,367 | services.job_fetcher | DEBUG | Source RemotiveRSS returned 26 jobs in 5.04s
2026-02-10 15:47:59,060 | scrapers.rss_common | WARNING | RSS feed parsing warning for DeveloperJob: <unknown>:12:65: not well-formed (invalid token)
2026-02-10 15:47:59,060 | scrapers.rss_common | WARNING | RSS feed parsing warning for DevOps Jobs: <urlopen error [SSL: CERTIFICATE_VERIFY_FAILED] certificate verify failed: Hostname mismatch, certificate is not valid for 'www.devopsboard.com'. (_ssl.c:1006)>
2026-02-10 15:47:59,150 | services.job_fetcher | INFO | Starting job fetch: skills=[], profile=azure Devops, locations=['Remote'], manual_terms=[]
2026-02-10 15:47:59,204 | scrapers.rss_common | INFO | RSS DevOps Jobs: fetched 0 jobs
2026-02-10 15:47:59,105 | scrapers.rss_common | INFO | RSS DeveloperJob: fetched 0 jobs
2026-02-10 15:47:59,387 | scrapers.rss_common | WARNING | RSS feed parsing warning for Python Jobs: text/html is not an XML media type
2026-02-10 15:47:59,505 | scrapers.rss_common | INFO | RSS Python Jobs: fetched 0 jobs
2026-02-10 15:47:59,946 | scrapers.rss_common | WARNING | RSS feed parsing warning for Data Jobs: <urlopen error [Errno 11001] getaddrinfo failed>
2026-02-10 15:48:00,023 | scrapers.rss_common | WARNING | RSS feed parsing warning for Jobs Collider: <urlopen error [Errno 11001] getaddrinfo failed>
2026-02-10 15:48:00,023 | scrapers.rss_common | INFO | RSS Data Jobs: fetched 0 jobs
2026-02-10 15:48:00,279 | scrapers.rss_common | WARNING | RSS feed parsing warning for Marketing Jobs: <unknown>:26:113: not well-formed (invalid token)
2026-02-10 15:48:00,279 | scrapers.rss_common | WARNING | RSS feed parsing warning for WorkingViral: <urlopen error [Errno 11001] getaddrinfo failed>
2026-02-10 15:48:00,320 | scrapers.rss_common | INFO | RSS Jobs Collider: fetched 0 jobs
2026-02-10 15:48:00,579 | scrapers.himalayas_api | ERROR | Himalayas API error: HTTPSConnectionPool(host='api.thehimalayas.com', port=443): Max retries exceeded with url: /jobs?search=azure+devops (Caused by SSLError(SSLError(1, '[SSL: TLSV1_UNRECOGNIZED_NAME] tlsv1 unrecognized name (_ssl.c:1006)')))
2026-02-10 15:48:00,495 | scrapers.rss_common | INFO | RSS Marketing Jobs: fetched 0 jobs
2026-02-10 15:48:00,686 | services.job_fetcher | DEBUG | Source JobsCollider returned 0 jobs in 1.05s
2026-02-10 15:48:00,587 | scrapers.rss_common | INFO | RSS WorkingViral: fetched 0 jobs
2026-02-10 15:48:00,783 | services.job_fetcher | DEBUG | Source Himalayas returned 0 jobs in 1.27s
2026-02-10 15:48:00,935 | services.job_fetcher | DEBUG | Source WorkingViral returned 0 jobs in 1.07s
2026-02-10 15:48:00,677 | scrapers.rss_common | WARNING | RSS feed parsing warning for Golang Jobs: <unknown>:12:65: not well-formed (invalid token)
2026-02-10 15:48:01,076 | scrapers.rss_common | WARNING | RSS feed parsing warning for JobAlign: <urlopen error [SSL: CERTIFICATE_VERIFY_FAILED] certificate verify failed: Hostname mismatch, certificate is not valid for 'jobalign.com'. (_ssl.c:1006)>
2026-02-10 15:48:01,084 | scrapers.rss_common | WARNING | RSS feed parsing warning for Design Jobs: <unknown>:28:76: not well-formed (invalid token)
2026-02-10 15:48:01,092 | scrapers.rss_common | INFO | RSS Golang Jobs: fetched 0 jobs
2026-02-10 15:48:01,140 | scrapers.rss_common | INFO | RSS JobAlign: fetched 0 jobs
2026-02-10 15:48:01,370 | services.job_fetcher | DEBUG | Source JobAlign returned 0 jobs in 1.60s
2026-02-10 15:48:01,194 | scrapers.rss_common | INFO | RSS Design Jobs: fetched 0 jobs
2026-02-10 15:48:01,242 | scrapers.rss_common | WARNING | RSS feed parsing warning for Sales Jobs: <unknown>:26:113: not well-formed (invalid token)
2026-02-10 15:48:01,594 | scrapers.rss_common | INFO | RSS Sales Jobs: fetched 0 jobs
2026-02-10 15:48:01,955 | scrapers.rss_common | WARNING | RSS feed parsing warning for Stack Overflow: <unknown>:21:26: not well-formed (invalid token)
2026-02-10 15:48:02,041 | scrapers.common | DEBUG | Could not parse date: Tue, 03 Feb 2026 15:46:09 +0000
2026-02-10 15:48:02,087 | scrapers.common | DEBUG | Could not parse date: Mon, 26 Jan 2026 17:02:20 +0000
2026-02-10 15:48:02,073 | scrapers.rss_common | INFO | RSS Stack Overflow: fetched 0 jobs
2026-02-10 15:48:02,119 | scrapers.common | DEBUG | Could not parse date: Tue, 08 Jul 2025 19:57:39 +0000
2026-02-10 15:48:02,135 | scrapers.rss_common | WARNING | RSS feed parsing warning for Business Jobs: <urlopen error [Errno 11001] getaddrinfo failed>
2026-02-10 15:48:02,180 | services.job_fetcher | DEBUG | Source StackOverflow returned 0 jobs in 2.04s
2026-02-10 15:48:02,190 | scrapers.common | DEBUG | Could not parse date: Fri, 20 Jun 2025 19:14:26 +0000
2026-02-10 15:48:02,213 | scrapers.rss_common | INFO | RSS Business Jobs: fetched 0 jobs
2026-02-10 15:48:02,280 | scrapers.common | DEBUG | Could not parse date: Thu, 19 Jun 2025 13:23:02 +0000
2026-02-10 15:48:02,312 | scrapers.common | DEBUG | Could not parse date: Thu, 19 Jun 2025 12:24:11 +0000
2026-02-10 15:48:02,237 | scrapers.rss_common | WARNING | RSS feed parsing warning for JobIcy: <unknown>:2:751: not well-formed (invalid token)
2026-02-10 15:48:02,463 | scrapers.rss_common | INFO | RSS JobIcy: fetched 0 jobs
2026-02-10 15:48:02,454 | scrapers.common | DEBUG | Could not parse date: Wed, 18 Jun 2025 15:37:21 +0000
2026-02-10 15:48:02,544 | scrapers.remotive_api | INFO | Remotive API: fetched 0 jobs
2026-02-10 15:48:02,544 | scrapers.rss_common | WARNING | RSS feed parsing warning for Remote.CA: <unknown>:43:2: mismatched tag
2026-02-10 15:48:02,575 | scrapers.common | DEBUG | Could not parse date: Wed, 18 Jun 2025 14:36:38 +0000
2026-02-10 15:48:02,615 | services.job_fetcher | DEBUG | Source JobIcy returned 0 jobs in 2.68s
2026-02-10 15:48:02,718 | scrapers.common | DEBUG | Could not parse date: Tue, 17 Jun 2025 21:47:12 +0000
2026-02-10 15:48:02,703 | services.job_fetcher | DEBUG | Source RemotiveAPI returned 0 jobs in 3.33s
2026-02-10 15:48:02,718 | scrapers.common | DEBUG | Could not parse date: Tue, 17 Jun 2025 21:11:29 +0000
2026-02-10 15:48:02,734 | scrapers.rss_common | INFO | RSS Remote.CA: fetched 0 jobs
2026-02-10 15:48:02,868 | services.job_fetcher | DEBUG | Source RemoteCA returned 0 jobs in 2.84s
2026-02-10 15:48:02,750 | scrapers.rss_common | INFO | RSS Authentic Jobs: fetched 10 jobs
2026-02-10 15:48:02,782 | scrapers.rss_common | WARNING | RSS feed parsing warning for Project Management Jobs: <urlopen error [Errno 11001] getaddrinfo failed>
2026-02-10 15:48:02,782 | scrapers.rss_common | WARNING | RSS feed parsing warning for Translator Jobs: text/html is not an XML media type
2026-02-10 15:48:02,948 | scrapers.rss_common | WARNING | RSS feed parsing warning for JavaScript Jobs: <urlopen error [Errno 11001] getaddrinfo failed>
2026-02-10 15:48:02,979 | scrapers.rss_common | INFO | RSS Project Management Jobs: fetched 0 jobs
2026-02-10 15:48:03,083 | scrapers.rss_common | INFO | RSS Translator Jobs: fetched 0 jobs
2026-02-10 15:48:03,147 | scrapers.rss_common | INFO | RSS JavaScript Jobs: fetched 0 jobs
2026-02-10 15:48:03,242 | services.job_fetcher | DEBUG | Source JavaScriptJobs returned 0 jobs in 0.69s
2026-02-10 15:48:03,234 | scrapers.rss_common | WARNING | RSS feed parsing warning for AI Jobs: <unknown>:2:0: syntax error
2026-02-10 15:48:03,332 | scrapers.rss_common | INFO | RSS AI Jobs: fetched 0 jobs
2026-02-10 15:48:03,363 | scrapers.common | DEBUG | Could not parse date: Mon, 09 Feb 2026 21:15:55 GMT
2026-02-10 15:48:03,363 | scrapers.common | DEBUG | Could not parse date: Sun, 08 Feb 2026 22:01:13 GMT
2026-02-10 15:48:03,363 | scrapers.common | DEBUG | Could not parse date: Fri, 06 Feb 2026 22:41:25 GMT
2026-02-10 15:48:03,395 | scrapers.common | DEBUG | Could not parse date: Fri, 06 Feb 2026 16:14:35 GMT
2026-02-10 15:48:03,450 | scrapers.common | DEBUG | Could not parse date: Wed, 04 Feb 2026 17:01:32 GMT
2026-02-10 15:48:03,467 | scrapers.rss_common | WARNING | RSS feed parsing warning for We Work Remotely: <unknown>:2:26: not well-formed (invalid token)
2026-02-10 15:48:03,459 | scrapers.common | DEBUG | Could not parse date: Tue, 03 Feb 2026 15:46:09 +0000
2026-02-10 15:48:03,459 | scrapers.common | DEBUG | Could not parse date: Wed, 04 Feb 2026 08:43:19 GMT
2026-02-10 15:48:03,467 | scrapers.rss_common | INFO | RSS We Work Remotely: fetched 0 jobs
2026-02-10 15:48:03,467 | services.job_fetcher | DEBUG | Source WeworkRemotely returned 0 jobs in 4.02s
2026-02-10 15:48:03,467 | scrapers.common | DEBUG | Could not parse date: Mon, 26 Jan 2026 17:02:20 +0000
2026-02-10 15:48:03,467 | scrapers.common | DEBUG | Could not parse date: Mon, 02 Feb 2026 20:00:50 GMT
2026-02-10 15:48:03,562 | scrapers.rss_common | WARNING | RSS feed parsing warning for Rust Jobs: <urlopen error [Errno 11001] getaddrinfo failed>
2026-02-10 15:48:03,514 | scrapers.common | DEBUG | Could not parse date: Tue, 08 Jul 2025 19:57:39 +0000
2026-02-10 15:48:03,609 | scrapers.rss_common | INFO | RSS Rust Jobs: fetched 0 jobs
2026-02-10 15:48:03,514 | scrapers.common | DEBUG | Could not parse date: Mon, 26 Jan 2026 07:45:51 GMT
2026-02-10 15:48:03,610 | scrapers.common | DEBUG | Could not parse date: Fri, 20 Jun 2025 19:14:26 +0000
2026-02-10 15:48:03,731 | services.job_fetcher | DEBUG | Source RustJobs returned 0 jobs in 0.42s
2026-02-10 15:48:03,811 | scrapers.rss_common | WARNING | RSS feed parsing warning for Java Jobs: <urlopen error [Errno 11001] getaddrinfo failed>
2026-02-10 15:48:03,745 | scrapers.common | DEBUG | Could not parse date: Sat, 24 Jan 2026 14:35:10 GMT
2026-02-10 15:48:03,811 | scrapers.rss_common | WARNING | RSS feed parsing warning for No Fluff Jobs: <unknown>:43:9823: mismatched tag
2026-02-10 15:48:03,811 | scrapers.common | DEBUG | Could not parse date: Thu, 19 Jun 2025 13:23:02 +0000
2026-02-10 15:48:03,811 | scrapers.rss_common | INFO | RSS Java Jobs: fetched 0 jobs
2026-02-10 15:48:03,811 | scrapers.common | DEBUG | Could not parse date: Sat, 24 Jan 2026 14:33:27 GMT
2026-02-10 15:48:03,811 | scrapers.rss_common | INFO | RSS No Fluff Jobs: fetched 0 jobs
2026-02-10 15:48:03,811 | scrapers.common | DEBUG | Could not parse date: Thu, 19 Jun 2025 12:24:11 +0000
2026-02-10 15:48:03,811 | services.job_fetcher | DEBUG | Source JavaJobs returned 0 jobs in 0.34s
2026-02-10 15:48:03,811 | scrapers.common | DEBUG | Could not parse date: Fri, 23 Jan 2026 21:23:08 GMT
2026-02-10 15:48:03,865 | services.job_fetcher | DEBUG | Source NoFluffJobs returned 0 jobs in 2.50s
2026-02-10 15:48:03,832 | scrapers.common | DEBUG | Could not parse date: Wed, 18 Jun 2025 15:37:21 +0000
2026-02-10 15:48:03,865 | scrapers.common | DEBUG | Could not parse date: Tue, 20 Jan 2026 21:33:20 GMT
2026-02-10 15:48:03,992 | scrapers.common | DEBUG | Could not parse date: Wed, 18 Jun 2025 14:36:38 +0000
2026-02-10 15:48:03,992 | scrapers.rss_common | WARNING | RSS feed parsing warning for Content Jobs: text/html; charset=utf-8 is not an XML media type
2026-02-10 15:48:03,992 | scrapers.common | DEBUG | Could not parse date: Sun, 18 Jan 2026 14:31:16 GMT
2026-02-10 15:48:03,992 | scrapers.rss_common | INFO | RSS Content Jobs: fetched 0 jobs
2026-02-10 15:48:03,992 | scrapers.common | DEBUG | Could not parse date: Tue, 17 Jun 2025 21:47:12 +0000
2026-02-10 15:48:03,992 | scrapers.common | DEBUG | Could not parse date: Fri, 16 Jan 2026 14:01:26 GMT
2026-02-10 15:48:03,992 | scrapers.common | DEBUG | Could not parse date: Tue, 17 Jun 2025 21:11:29 +0000
2026-02-10 15:48:03,992 | scrapers.common | DEBUG | Could not parse date: Fri, 16 Jan 2026 10:16:08 GMT
2026-02-10 15:48:03,992 | scrapers.rss_common | INFO | RSS Authentic Jobs: fetched 10 jobs
2026-02-10 15:48:04,008 | scrapers.common | DEBUG | Could not parse date: Fri, 16 Jan 2026 10:16:03 GMT
2026-02-10 15:48:04,011 | scrapers.common | DEBUG | Could not parse date: Wed, 14 Jan 2026 20:46:36 GMT
2026-02-10 15:48:04,011 | services.job_fetcher | DEBUG | Source AuthenticJobs returned 10 jobs in 3.95s
2026-02-10 15:48:04,024 | scrapers.common | DEBUG | Could not parse date: Wed, 14 Jan 2026 20:46:28 GMT
2026-02-10 15:48:04,056 | scrapers.common | DEBUG | Could not parse date: Wed, 14 Jan 2026 13:45:40 GMT
2026-02-10 15:48:04,105 | scrapers.common | DEBUG | Could not parse date: Tue, 13 Jan 2026 18:29:39 GMT
2026-02-10 15:48:04,156 | scrapers.rss_common | WARNING | RSS feed parsing warning for DevOps Jobs: <urlopen error [SSL: CERTIFICATE_VERIFY_FAILED] certificate verify failed: Hostname mismatch, certificate is not valid for 'www.devopsboard.com'. (_ssl.c:1006)>
2026-02-10 15:48:04,155 | scrapers.common | DEBUG | Could not parse date: Tue, 13 Jan 2026 17:34:31 GMT
2026-02-10 15:48:04,156 | scrapers.rss_common | INFO | RSS DevOps Jobs: fetched 0 jobs
2026-02-10 15:48:04,156 | scrapers.common | DEBUG | Could not parse date: Tue, 13 Jan 2026 09:27:49 GMT
2026-02-10 15:48:04,160 | services.job_fetcher | DEBUG | Source DevOpsJobs returned 0 jobs in 0.51s
2026-02-10 15:48:04,158 | scrapers.common | DEBUG | Could not parse date: Mon, 12 Jan 2026 21:00:39 GMT
2026-02-10 15:48:04,161 | scrapers.common | DEBUG | Could not parse date: Mon, 12 Jan 2026 13:19:44 GMT
2026-02-10 15:48:04,193 | scrapers.common | DEBUG | Could not parse date: Sun, 11 Jan 2026 20:30:35 GMT
2026-02-10 15:48:04,196 | scrapers.common | DEBUG | Could not parse date: Sat, 10 Jan 2026 23:00:36 GMT
2026-02-10 15:48:04,196 | scrapers.rss_common | INFO | RSS Remotive RSS: fetched 26 jobs
2026-02-10 15:48:04,198 | services.job_fetcher | DEBUG | Source RemotiveRSS returned 26 jobs in 4.69s
2026-02-10 15:48:04,287 | scrapers.rss_common | WARNING | RSS feed parsing warning for Data Jobs: <urlopen error [Errno 11001] getaddrinfo failed>
2026-02-10 15:48:04,366 | scrapers.rss_common | INFO | RSS Data Jobs: fetched 0 jobs
2026-02-10 15:48:04,677 | scrapers.rss_common | WARNING | RSS feed parsing warning for Python Jobs: text/html is not an XML media type
2026-02-10 15:48:04,773 | scrapers.rss_common | INFO | RSS Python Jobs: fetched 0 jobs
2026-02-10 15:48:05,642 | scrapers.arbeitnow_api | ERROR | ArbeitNow API error: Expecting value: line 1 column 1 (char 0)
2026-02-10 15:48:05,634 | scrapers.rss_common | WARNING | RSS feed parsing warning for Sales Jobs: <unknown>:26:113: not well-formed (invalid token)
2026-02-10 15:48:05,793 | scrapers.rss_common | INFO | RSS Sales Jobs: fetched 0 jobs
2026-02-10 15:48:05,945 | scrapers.rss_common | WARNING | RSS feed parsing warning for Design Jobs: <unknown>:28:76: not well-formed (invalid token)
2026-02-10 15:48:06,001 | scrapers.rss_common | INFO | RSS Design Jobs: fetched 0 jobs
2026-02-10 15:48:06,137 | scrapers.rss_common | WARNING | RSS feed parsing warning for Marketing Jobs: <unknown>:26:113: not well-formed (invalid token)
2026-02-10 15:48:06,306 | scrapers.rss_common | INFO | RSS Marketing Jobs: fetched 0 jobs
2026-02-10 15:48:06,406 | scrapers.rss_common | WARNING | RSS feed parsing warning for Security Jobs: <unknown>:3:0: XML or text declaration not at start of entity
2026-02-10 15:48:06,480 | scrapers.common | DEBUG | Could not parse date: Thu, 05 Feb 2026 20:18:35 +0000
2026-02-10 15:48:06,480 | scrapers.rss_common | INFO | RSS Security Jobs: fetched 1 jobs
2026-02-10 15:48:06,543 | scrapers.rss_common | WARNING | RSS feed parsing warning for Business Jobs: <urlopen error [Errno 11001] getaddrinfo failed>
2026-02-10 15:48:06,622 | scrapers.rss_common | INFO | RSS Business Jobs: fetched 0 jobs
2026-02-10 15:48:06,750 | scrapers.rss_common | WARNING | RSS feed parsing warning for Project Management Jobs: <urlopen error [Errno 11001] getaddrinfo failed>
2026-02-10 15:48:06,814 | scrapers.rss_common | INFO | RSS Project Management Jobs: fetched 0 jobs
2026-02-10 15:48:06,846 | scrapers.rss_common | WARNING | RSS feed parsing warning for Translator Jobs: text/html is not an XML media type
2026-02-10 15:48:06,884 | scrapers.rss_common | WARNING | RSS feed parsing warning for AI Jobs: <unknown>:2:0: syntax error
2026-02-10 15:48:06,901 | scrapers.rss_common | INFO | RSS Translator Jobs: fetched 0 jobs
2026-02-10 15:48:06,965 | scrapers.rss_common | INFO | RSS AI Jobs: fetched 0 jobs
2026-02-10 15:48:07,487 | scrapers.rss_common | WARNING | RSS feed parsing warning for Golang Jobs: <unknown>:12:65: not well-formed (invalid token)
2026-02-10 15:48:07,487 | scrapers.rss_common | INFO | RSS Golang Jobs: fetched 0 jobs
2026-02-10 15:48:07,494 | services.job_fetcher | INFO | Early return: 5 jobs after 8.2s from 16 sources
2026-02-10 15:48:07,529 | utils.cache | DEBUG | Cache SET for key: jobs_-6729721569862982495 (TTL: 20m)
2026-02-10 15:48:07,529 | services.job_fetcher | INFO | Returning 5 jobs, 19 sources still pending
2026-02-10 15:48:07,660 | scrapers.rss_common | WARNING | RSS feed parsing warning for Virtual Jobs: <unknown>:2:33: not well-formed (invalid token)
2026-02-10 15:48:07,660 | scrapers.rss_common | INFO | RSS Virtual Jobs: fetched 0 jobs
2026-02-10 15:48:08,543 | scrapers.rss_common | WARNING | RSS feed parsing warning for Security Jobs: <unknown>:3:0: XML or text declaration not at start of entity
2026-02-10 15:48:08,543 | scrapers.common | DEBUG | Could not parse date: Thu, 05 Feb 2026 20:18:35 +0000
2026-02-10 15:48:08,543 | scrapers.rss_common | INFO | RSS Security Jobs: fetched 1 jobs
2026-02-10 15:48:09,909 | scrapers.rss_common | WARNING | RSS feed parsing warning for Virtual Jobs: <unknown>:2:33: not well-formed (invalid token)
2026-02-10 15:48:09,909 | scrapers.rss_common | INFO | RSS Virtual Jobs: fetched 0 jobs
2026-02-10 15:48:11,049 | scrapers.rss_common | WARNING | RSS feed parsing warning for Content Jobs: text/html; charset=utf-8 is not an XML media type
2026-02-10 15:48:11,049 | scrapers.rss_common | INFO | RSS Content Jobs: fetched 0 jobs
2026-02-10 15:48:13,623 | scrapers.rss_common | WARNING | RSS feed parsing warning for DeveloperJob: <unknown>:12:65: not well-formed (invalid token)
2026-02-10 15:48:13,623 | scrapers.rss_common | INFO | RSS DeveloperJob: fetched 0 jobs
2026-02-10 15:48:15,283 | scrapers.rss_common | WARNING | RSS feed parsing warning for GitHub Jobs: <urlopen error [WinError 10049] The requested address is not valid in its context>
2026-02-10 15:48:15,283 | scrapers.rss_common | INFO | RSS GitHub Jobs: fetched 0 jobs
2026-02-10 15:48:21,966 | scrapers.rss_common | WARNING | RSS feed parsing warning for GitHub Jobs: <urlopen error [WinError 10049] The requested address is not valid in its context>
2026-02-10 15:48:21,966 | scrapers.rss_common | INFO | RSS GitHub Jobs: fetched 0 jobs
2026-02-10 15:48:44,802 | scrapers.rss_common | WARNING | RSS feed parsing warning for Ruby on Rails Jobs: <urlopen error [WinError 10060] A connection attempt failed because the connected party did not properly respond after a period of time, or established connection failed because connected host has failed to respond>
2026-02-10 15:48:44,804 | scrapers.rss_common | INFO | RSS Ruby on Rails Jobs: fetched 0 jobs
2026-02-10 15:49:26,408 | scrapers.rss_common | WARNING | RSS feed parsing warning for Education Jobs: <urlopen error [WinError 10060] A connection attempt failed because the connected party did not properly respond after a period of time, or established connection failed because connected host has failed to respond>
2026-02-10 15:49:26,408 | scrapers.rss_common | INFO | RSS Education Jobs: fetched 0 jobs
2026-02-10 15:49:30,299 | scrapers.rss_common | WARNING | RSS feed parsing warning for Education Jobs: <urlopen error [WinError 10060] A connection attempt failed because the connected party did not properly respond after a period of time, or established connection failed because connected host has failed to respond>
2026-02-10 15:49:30,299 | scrapers.rss_common | INFO | RSS Education Jobs: fetched 0 jobs
2026-02-10 15:51:21,049 | scrapers.rss_common | WARNING | RSS feed parsing warning for Ruby on Rails Jobs: <urlopen error [WinError 10060] A connection attempt failed because the connected party did not properly respond after a period of time, or established connection failed because connected host has failed to respond>
2026-02-10 15:51:21,049 | scrapers.rss_common | INFO | RSS Ruby on Rails Jobs: fetched 0 jobs
2026-02-10 17:02:09,047 | scrapers.rss_common | ERROR | RSS feed error for We Work Remotely: IncompleteRead(12761 bytes read)
2026-02-10 17:02:09,057 | scrapers.rss_common | ERROR | RSS feed error for FlexJobs: Remote end closed connection without response
2026-02-10 17:02:09,065 | scrapers.rss_common | ERROR | RSS feed error for FlexJobs: Remote end closed connection without response
2026-02-11 01:14:32,309 | services.job_fetcher | INFO | Starting job fetch: skills=[], profile=Devops engineer, locations=['Remote'], manual_terms=[]
2026-02-11 01:14:33,286 | scrapers.rss_common | WARNING | RSS feed parsing warning for Jobs Collider: <urlopen error [Errno 11001] getaddrinfo failed>
2026-02-11 01:14:33,287 | scrapers.rss_common | INFO | RSS Jobs Collider: fetched 0 jobs
2026-02-11 01:14:33,289 | services.job_fetcher | DEBUG | Source JobsCollider returned 0 jobs in 0.95s
2026-02-11 01:14:33,976 | scrapers.rss_common | WARNING | RSS feed parsing warning for WorkingViral: <urlopen error [Errno 11001] getaddrinfo failed>
2026-02-11 01:14:33,978 | scrapers.rss_common | INFO | RSS WorkingViral: fetched 0 jobs
2026-02-11 01:14:33,978 | services.job_fetcher | DEBUG | Source WorkingViral returned 0 jobs in 1.55s
2026-02-11 01:14:34,216 | scrapers.rss_common | WARNING | RSS feed parsing warning for GitHub Jobs: <urlopen error [Errno 11004] getaddrinfo failed>
2026-02-11 01:14:34,217 | scrapers.rss_common | INFO | RSS GitHub Jobs: fetched 0 jobs
2026-02-11 01:14:34,219 | services.job_fetcher | DEBUG | Source GitHub returned 0 jobs in 0.93s
2026-02-11 01:14:34,666 | scrapers.himalayas_api | ERROR | Himalayas API error: HTTPSConnectionPool(host='api.thehimalayas.com', port=443): Max retries exceeded with url: /jobs?search=devops+engineer (Caused by SSLError(SSLError(1, '[SSL: TLSV1_UNRECOGNIZED_NAME] tlsv1 unrecognized name (_ssl.c:1006)')))
2026-02-11 01:14:34,667 | services.job_fetcher | DEBUG | Source Himalayas returned 0 jobs in 2.35s
2026-02-11 01:14:34,811 | scrapers.rss_common | WARNING | RSS feed parsing warning for JobAlign: <urlopen error [SSL: CERTIFICATE_VERIFY_FAILED] certificate verify failed: Hostname mismatch, certificate is not valid for 'jobalign.com'. (_ssl.c:1006)>
2026-02-11 01:14:34,812 | scrapers.rss_common | INFO | RSS JobAlign: fetched 0 jobs
2026-02-11 01:14:34,814 | services.job_fetcher | DEBUG | Source JobAlign returned 0 jobs in 2.40s
2026-02-11 01:14:35,037 | scrapers.rss_common | WARNING | RSS feed parsing warning for Remote.CA: <unknown>:43:2: mismatched tag
2026-02-11 01:14:35,038 | scrapers.rss_common | INFO | RSS Remote.CA: fetched 0 jobs
2026-02-11 01:14:35,041 | services.job_fetcher | DEBUG | Source RemoteCA returned 0 jobs in 2.51s
2026-02-11 01:14:35,112 | scrapers.remotive_api | INFO | Remotive API: fetched 1 jobs
2026-02-11 01:14:35,116 | services.job_fetcher | DEBUG | Source RemotiveAPI returned 1 jobs in 2.80s
2026-02-11 01:14:35,621 | scrapers.rss_common | WARNING | RSS feed parsing warning for JavaScript Jobs: <urlopen error [Errno 11001] getaddrinfo failed>
2026-02-11 01:14:35,621 | scrapers.rss_common | INFO | RSS JavaScript Jobs: fetched 0 jobs
2026-02-11 01:14:35,621 | services.job_fetcher | DEBUG | Source JavaScriptJobs returned 0 jobs in 0.58s
2026-02-11 01:14:35,670 | services.job_fetcher | INFO | Early return: 1 jobs after 3.3s from 8 sources
2026-02-11 01:14:35,675 | utils.cache | DEBUG | Cache SET for key: jobs_-8794383845955698223 (TTL: 20m)
2026-02-11 01:14:35,675 | services.job_fetcher | INFO | Returning 1 jobs, 27 sources still pending
2026-02-11 01:14:36,798 | scrapers.arbeitnow_api | ERROR | ArbeitNow API error: Expecting value: line 1 column 1 (char 0)
2026-02-11 01:14:36,873 | scrapers.common | DEBUG | Could not parse date: Mon, 09 Feb 2026 21:15:55 GMT
2026-02-11 01:14:36,875 | scrapers.common | DEBUG | Could not parse date: Sun, 08 Feb 2026 22:01:13 GMT
2026-02-11 01:14:36,876 | scrapers.common | DEBUG | Could not parse date: Fri, 06 Feb 2026 22:41:25 GMT
2026-02-11 01:14:36,878 | scrapers.common | DEBUG | Could not parse date: Fri, 06 Feb 2026 16:14:35 GMT
2026-02-11 01:14:36,880 | scrapers.common | DEBUG | Could not parse date: Wed, 04 Feb 2026 17:01:32 GMT
2026-02-11 01:14:36,882 | scrapers.common | DEBUG | Could not parse date: Wed, 04 Feb 2026 08:43:19 GMT
2026-02-11 01:14:36,883 | scrapers.common | DEBUG | Could not parse date: Mon, 02 Feb 2026 20:00:50 GMT
2026-02-11 01:14:36,884 | scrapers.common | DEBUG | Could not parse date: Mon, 26 Jan 2026 07:45:51 GMT
2026-02-11 01:14:36,886 | scrapers.common | DEBUG | Could not parse date: Sat, 24 Jan 2026 14:35:10 GMT
2026-02-11 01:14:36,888 | scrapers.common | DEBUG | Could not parse date: Sat, 24 Jan 2026 14:33:27 GMT
2026-02-11 01:14:36,890 | scrapers.common | DEBUG | Could not parse date: Fri, 23 Jan 2026 21:23:08 GMT
2026-02-11 01:14:36,893 | scrapers.common | DEBUG | Could not parse date: Tue, 20 Jan 2026 21:33:20 GMT
2026-02-11 01:14:36,894 | scrapers.common | DEBUG | Could not parse date: Sun, 18 Jan 2026 14:31:16 GMT
2026-02-11 01:14:36,896 | scrapers.common | DEBUG | Could not parse date: Fri, 16 Jan 2026 14:01:26 GMT
2026-02-11 01:14:36,898 | scrapers.common | DEBUG | Could not parse date: Fri, 16 Jan 2026 10:16:08 GMT
2026-02-11 01:14:36,898 | scrapers.common | DEBUG | Could not parse date: Fri, 16 Jan 2026 10:16:03 GMT
2026-02-11 01:14:36,898 | scrapers.common | DEBUG | Could not parse date: Wed, 14 Jan 2026 20:46:36 GMT
2026-02-11 01:14:36,898 | scrapers.common | DEBUG | Could not parse date: Wed, 14 Jan 2026 20:46:28 GMT
2026-02-11 01:14:36,898 | scrapers.common | DEBUG | Could not parse date: Wed, 14 Jan 2026 13:45:40 GMT
2026-02-11 01:14:36,898 | scrapers.common | DEBUG | Could not parse date: Tue, 13 Jan 2026 18:29:39 GMT
2026-02-11 01:14:36,907 | scrapers.common | DEBUG | Could not parse date: Tue, 13 Jan 2026 17:34:31 GMT
2026-02-11 01:14:36,912 | scrapers.common | DEBUG | Could not parse date: Tue, 13 Jan 2026 09:27:49 GMT
2026-02-11 01:14:36,914 | scrapers.common | DEBUG | Could not parse date: Mon, 12 Jan 2026 21:00:39 GMT
2026-02-11 01:14:36,917 | scrapers.common | DEBUG | Could not parse date: Mon, 12 Jan 2026 13:19:44 GMT
2026-02-11 01:14:36,916 | scrapers.rss_common | WARNING | RSS feed parsing warning for Python Jobs: text/html is not an XML media type
2026-02-11 01:14:36,919 | scrapers.common | DEBUG | Could not parse date: Sun, 11 Jan 2026 20:30:35 GMT
2026-02-11 01:14:36,918 | scrapers.rss_common | INFO | RSS Python Jobs: fetched 0 jobs
2026-02-11 01:14:36,920 | scrapers.common | DEBUG | Could not parse date: Sat, 10 Jan 2026 23:00:36 GMT
2026-02-11 01:14:36,922 | scrapers.rss_common | INFO | RSS Remotive RSS: fetched 26 jobs
2026-02-11 01:14:37,068 | scrapers.rss_common | WARNING | RSS feed parsing warning for We Work Remotely: <unknown>:2:26: not well-formed (invalid token)
2026-02-11 01:14:37,068 | scrapers.rss_common | INFO | RSS We Work Remotely: fetched 0 jobs
2026-02-11 01:14:37,705 | scrapers.rss_common | WARNING | RSS feed parsing warning for Rust Jobs: <urlopen error [Errno 11001] getaddrinfo failed>
2026-02-11 01:14:37,705 | scrapers.rss_common | INFO | RSS Rust Jobs: fetched 0 jobs
2026-02-11 01:14:37,799 | scrapers.rss_common | WARNING | RSS feed parsing warning for Java Jobs: <urlopen error [Errno 11001] getaddrinfo failed>
2026-02-11 01:14:37,799 | scrapers.rss_common | INFO | RSS Java Jobs: fetched 0 jobs
2026-02-11 01:14:37,958 | scrapers.common | DEBUG | Could not parse date: Tue, 03 Feb 2026 15:46:09 +0000
2026-02-11 01:14:37,960 | scrapers.common | DEBUG | Could not parse date: Mon, 26 Jan 2026 17:02:20 +0000
2026-02-11 01:14:37,962 | scrapers.common | DEBUG | Could not parse date: Tue, 08 Jul 2025 19:57:39 +0000
2026-02-11 01:14:37,963 | scrapers.common | DEBUG | Could not parse date: Fri, 20 Jun 2025 19:14:26 +0000
2026-02-11 01:14:37,965 | scrapers.common | DEBUG | Could not parse date: Thu, 19 Jun 2025 13:23:02 +0000
2026-02-11 01:14:37,966 | scrapers.common | DEBUG | Could not parse date: Thu, 19 Jun 2025 12:24:11 +0000
2026-02-11 01:14:37,967 | scrapers.common | DEBUG | Could not parse date: Wed, 18 Jun 2025 15:37:21 +0000
2026-02-11 01:14:37,969 | scrapers.common | DEBUG | Could not parse date: Wed, 18 Jun 2025 14:36:38 +0000
2026-02-11 01:14:37,970 | scrapers.common | DEBUG | Could not parse date: Tue, 17 Jun 2025 21:47:12 +0000
2026-02-11 01:14:37,971 | scrapers.common | DEBUG | Could not parse date: Tue, 17 Jun 2025 21:11:29 +0000
2026-02-11 01:14:37,972 | scrapers.rss_common | INFO | RSS Authentic Jobs: fetched 10 jobs
2026-02-11 01:14:38,630 | scrapers.rss_common | WARNING | RSS feed parsing warning for DeveloperJob: <unknown>:12:65: not well-formed (invalid token)
2026-02-11 01:14:38,633 | scrapers.rss_common | INFO | RSS DeveloperJob: fetched 0 jobs
2026-02-11 01:14:38,782 | scrapers.common | DEBUG | Could not parse date: Mon, 01 Dec 2025 16:22:48 +0000
2026-02-11 01:14:38,785 | scrapers.common | DEBUG | Could not parse date: Mon, 01 Dec 2025 16:17:57 +0000
2026-02-11 01:14:38,789 | scrapers.common | DEBUG | Could not parse date: Sun, 30 Nov 2025 17:42:38 +0000
2026-02-11 01:14:38,791 | scrapers.common | DEBUG | Could not parse date: Thu, 27 Nov 2025 18:46:37 +0000
2026-02-11 01:14:38,793 | scrapers.common | DEBUG | Could not parse date: Thu, 27 Nov 2025 18:34:29 +0000
2026-02-11 01:14:38,855 | scrapers.common | DEBUG | Could not parse date: Sun, 23 Nov 2025 15:34:14 +0000
2026-02-11 01:14:38,886 | scrapers.rss_common | WARNING | RSS feed parsing warning for Golang Jobs: <unknown>:12:65: not well-formed (invalid token)
2026-02-11 01:14:38,888 | scrapers.rss_common | INFO | RSS Golang Jobs: fetched 0 jobs
2026-02-11 01:14:38,887 | scrapers.common | DEBUG | Could not parse date: Sun, 23 Nov 2025 09:52:16 +0000
2026-02-11 01:14:38,890 | scrapers.common | DEBUG | Could not parse date: Sun, 23 Nov 2025 08:58:33 +0000
2026-02-11 01:14:38,892 | scrapers.common | DEBUG | Could not parse date: Sun, 09 Nov 2025 14:53:31 +0000
2026-02-11 01:14:38,946 | scrapers.common | DEBUG | Could not parse date: Tue, 04 Nov 2025 15:04:00 +0000
2026-02-11 01:14:38,946 | scrapers.rss_common | INFO | RSS JobIcy: fetched 10 jobs
2026-02-11 01:14:39,280 | scrapers.rss_common | WARNING | RSS feed parsing warning for No Fluff Jobs: text/html is not an XML media type
2026-02-11 01:14:39,281 | scrapers.rss_common | INFO | RSS No Fluff Jobs: fetched 0 jobs
2026-02-11 01:14:39,402 | scrapers.rss_common | WARNING | RSS feed parsing warning for Stack Overflow: <unknown>:2:3012: not well-formed (invalid token)
2026-02-11 01:14:39,403 | scrapers.rss_common | INFO | RSS Stack Overflow: fetched 0 jobs
2026-02-11 01:14:39,533 | scrapers.rss_common | WARNING | RSS feed parsing warning for Data Jobs: <urlopen error [Errno 11001] getaddrinfo failed>
2026-02-11 01:14:39,533 | scrapers.rss_common | INFO | RSS Data Jobs: fetched 0 jobs
2026-02-11 01:14:39,995 | scrapers.rss_common | WARNING | RSS feed parsing warning for Marketing Jobs: <unknown>:26:113: not well-formed (invalid token)
2026-02-11 01:14:39,995 | scrapers.rss_common | INFO | RSS Marketing Jobs: fetched 0 jobs
2026-02-11 01:14:40,098 | scrapers.rss_common | WARNING | RSS feed parsing warning for Sales Jobs: <unknown>:26:113: not well-formed (invalid token)
2026-02-11 01:14:40,098 | scrapers.rss_common | INFO | RSS Sales Jobs: fetched 0 jobs
2026-02-11 01:14:40,469 | scrapers.rss_common | WARNING | RSS feed parsing warning for Design Jobs: <unknown>:28:76: not well-formed (invalid token)
2026-02-11 01:14:40,471 | scrapers.rss_common | INFO | RSS Design Jobs: fetched 0 jobs
2026-02-11 01:14:41,059 | scrapers.rss_common | WARNING | RSS feed parsing warning for Project Management Jobs: <urlopen error [Errno 11001] getaddrinfo failed>
2026-02-11 01:14:41,059 | scrapers.rss_common | INFO | RSS Project Management Jobs: fetched 0 jobs
2026-02-11 01:14:41,078 | scrapers.rss_common | WARNING | RSS feed parsing warning for Business Jobs: <urlopen error [Errno 11001] getaddrinfo failed>
2026-02-11 01:14:41,078 | scrapers.rss_common | INFO | RSS Business Jobs: fetched 0 jobs
2026-02-11 01:14:41,523 | scrapers.rss_common | WARNING | RSS feed parsing warning for Translator Jobs: text/html is not an XML media type
2026-02-11 01:14:41,524 | scrapers.rss_common | INFO | RSS Translator Jobs: fetched 0 jobs
2026-02-11 01:14:42,087 | scrapers.rss_common | WARNING | RSS feed parsing warning for Virtual Jobs: <unknown>:2:33: not well-formed (invalid token)
2026-02-11 01:14:42,087 | scrapers.rss_common | INFO | RSS Virtual Jobs: fetched 0 jobs
2026-02-11 01:14:44,009 | scrapers.rss_common | WARNING | RSS feed parsing warning for AI Jobs: <unknown>:2:0: syntax error
2026-02-11 01:14:44,010 | scrapers.rss_common | INFO | RSS AI Jobs: fetched 0 jobs
2026-02-11 01:14:45,045 | scrapers.rss_common | WARNING | RSS feed parsing warning for Security Jobs: <unknown>:3:0: XML or text declaration not at start of entity
2026-02-11 01:14:45,046 | scrapers.common | DEBUG | Could not parse date: Thu, 05 Feb 2026 20:18:35 +0000
2026-02-11 01:14:45,047 | scrapers.rss_common | INFO | RSS Security Jobs: fetched 1 jobs
2026-02-11 01:14:46,404 | scrapers.rss_common | WARNING | RSS feed parsing warning for Content Jobs: text/html; charset=utf-8 is not an XML media type
2026-02-11 01:14:46,405 | scrapers.rss_common | INFO | RSS Content Jobs: fetched 0 jobs
2026-02-11 01:14:49,621 | scrapers.rss_common | WARNING | RSS feed parsing warning for DevOps Jobs: <urlopen error [SSL: CERTIFICATE_VERIFY_FAILED] certificate verify failed: Hostname mismatch, certificate is not valid for 'www.devopsboard.com'. (_ssl.c:1006)>
2026-02-11 01:14:49,621 | scrapers.rss_common | INFO | RSS DevOps Jobs: fetched 0 jobs
2026-02-11 01:15:02,987 | utils.cache | DEBUG | Cache HIT for key: jobs_-8794383845955698223
2026-02-11 01:15:59,050 | scrapers.rss_common | WARNING | RSS feed parsing warning for Ruby on Rails Jobs: <urlopen error [SSL: UNEXPECTED_EOF_WHILE_READING] EOF occurred in violation of protocol (_ssl.c:1006)>
2026-02-11 01:15:59,052 | scrapers.rss_common | INFO | RSS Ruby on Rails Jobs: fetched 0 jobs
2026-02-11 01:16:03,614 | scrapers.rss_common | WARNING | RSS feed parsing warning for Education Jobs: <urlopen error [SSL: UNEXPECTED_EOF_WHILE_READING] EOF occurred in violation of protocol (_ssl.c:1006)>
2026-02-11 01:16:03,614 | scrapers.rss_common | INFO | RSS Education Jobs: fetched 0 jobs
2026-02-11 01:20:28,932 | scrapers.rss_common | ERROR | RSS feed error for FlexJobs: Remote end closed connection without response
2026-02-11 01:38:19,403 | services.job_fetcher | INFO | Starting job fetch: skills=[], profile=manager, locations=['Remote'], manual_terms=[]
2026-02-11 01:38:20,480 | scrapers.rss_common | WARNING | RSS feed parsing warning for Jobs Collider: <urlopen error [Errno 11001] getaddrinfo failed>
2026-02-11 01:38:20,483 | scrapers.rss_common | INFO | RSS Jobs Collider: fetched 0 jobs
2026-02-11 01:38:20,483 | services.job_fetcher | DEBUG | Source JobsCollider returned 0 jobs in 1.05s
2026-02-11 01:38:21,370 | scrapers.rss_common | WARNING | RSS feed parsing warning for WorkingViral: <urlopen error [Errno 11001] getaddrinfo failed>
2026-02-11 01:38:21,370 | scrapers.rss_common | INFO | RSS WorkingViral: fetched 0 jobs
2026-02-11 01:38:21,370 | services.job_fetcher | DEBUG | Source WorkingViral returned 0 jobs in 1.81s
2026-02-11 01:38:21,467 | scrapers.rss_common | WARNING | RSS feed parsing warning for GitHub Jobs: <urlopen error [Errno 11004] getaddrinfo failed>
2026-02-11 01:38:21,470 | scrapers.rss_common | INFO | RSS GitHub Jobs: fetched 0 jobs
2026-02-11 01:38:21,472 | services.job_fetcher | DEBUG | Source GitHub returned 0 jobs in 0.99s
2026-02-11 01:38:21,777 | scrapers.himalayas_api | ERROR | Himalayas API error: HTTPSConnectionPool(host='api.thehimalayas.com', port=443): Max retries exceeded with url: /jobs?search=manager (Caused by SSLError(SSLError(1, '[SSL: TLSV1_UNRECOGNIZED_NAME] tlsv1 unrecognized name (_ssl.c:1006)')))
2026-02-11 01:38:21,778 | services.job_fetcher | DEBUG | Source Himalayas returned 0 jobs in 2.37s
2026-02-11 01:38:21,839 | scrapers.rss_common | WARNING | RSS feed parsing warning for JobAlign: <urlopen error [SSL: CERTIFICATE_VERIFY_FAILED] certificate verify failed: Hostname mismatch, certificate is not valid for 'jobalign.com'. (_ssl.c:1006)>
2026-02-11 01:38:21,840 | scrapers.rss_common | INFO | RSS JobAlign: fetched 0 jobs
2026-02-11 01:38:21,841 | services.job_fetcher | DEBUG | Source JobAlign returned 0 jobs in 2.31s
2026-02-11 01:38:21,893 | scrapers.rss_common | WARNING | RSS feed parsing warning for Remote.CA: <unknown>:43:2: mismatched tag
2026-02-11 01:38:21,893 | scrapers.rss_common | INFO | RSS Remote.CA: fetched 0 jobs
2026-02-11 01:38:21,898 | services.job_fetcher | DEBUG | Source RemoteCA returned 0 jobs in 2.26s
2026-02-11 01:38:22,520 | scrapers.remotive_api | INFO | Remotive API: fetched 9 jobs
2026-02-11 01:38:22,523 | services.job_fetcher | DEBUG | Source RemotiveAPI returned 9 jobs in 3.12s
2026-02-11 01:38:22,631 | services.job_fetcher | INFO | Early return: 5 jobs after 3.1s from 7 sources
2026-02-11 01:38:22,637 | utils.cache | DEBUG | Cache SET for key: jobs_-7954521393519236115 (TTL: 20m)
2026-02-11 01:38:22,637 | services.job_fetcher | INFO | Returning 5 jobs, 28 sources still pending
2026-02-11 01:38:22,789 | scrapers.rss_common | WARNING | RSS feed parsing warning for JavaScript Jobs: <urlopen error [Errno 11001] getaddrinfo failed>
2026-02-11 01:38:22,790 | scrapers.rss_common | INFO | RSS JavaScript Jobs: fetched 0 jobs
2026-02-11 01:38:24,165 | scrapers.rss_common | WARNING | RSS feed parsing warning for Python Jobs: text/html is not an XML media type
2026-02-11 01:38:24,168 | scrapers.rss_common | INFO | RSS Python Jobs: fetched 0 jobs
2026-02-11 01:38:24,214 | scrapers.arbeitnow_api | ERROR | ArbeitNow API error: Expecting value: line 1 column 1 (char 0)
2026-02-11 01:38:24,218 | scrapers.common | DEBUG | Could not parse date: Mon, 09 Feb 2026 21:15:55 GMT
2026-02-11 01:38:24,222 | scrapers.common | DEBUG | Could not parse date: Sun, 08 Feb 2026 22:01:13 GMT
2026-02-11 01:38:24,225 | scrapers.common | DEBUG | Could not parse date: Fri, 06 Feb 2026 22:41:25 GMT
2026-02-11 01:38:24,263 | scrapers.common | DEBUG | Could not parse date: Fri, 06 Feb 2026 16:14:35 GMT
2026-02-11 01:38:24,266 | scrapers.common | DEBUG | Could not parse date: Wed, 04 Feb 2026 17:01:32 GMT
2026-02-11 01:38:24,267 | scrapers.common | DEBUG | Could not parse date: Wed, 04 Feb 2026 08:43:19 GMT
2026-02-11 01:38:24,268 | scrapers.common | DEBUG | Could not parse date: Mon, 02 Feb 2026 20:00:50 GMT
2026-02-11 01:38:24,270 | scrapers.common | DEBUG | Could not parse date: Mon, 26 Jan 2026 07:45:51 GMT
2026-02-11 01:38:24,272 | scrapers.common | DEBUG | Could not parse date: Sat, 24 Jan 2026 14:35:10 GMT
2026-02-11 01:38:24,273 | scrapers.common | DEBUG | Could not parse date: Sat, 24 Jan 2026 14:33:27 GMT
2026-02-11 01:38:24,275 | scrapers.common | DEBUG | Could not parse date: Fri, 23 Jan 2026 21:23:08 GMT
2026-02-11 01:38:24,279 | scrapers.common | DEBUG | Could not parse date: Tue, 20 Jan 2026 21:33:20 GMT
2026-02-11 01:38:24,281 | scrapers.common | DEBUG | Could not parse date: Sun, 18 Jan 2026 14:31:16 GMT
2026-02-11 01:38:24,282 | scrapers.common | DEBUG | Could not parse date: Fri, 16 Jan 2026 14:01:26 GMT
2026-02-11 01:38:24,284 | scrapers.common | DEBUG | Could not parse date: Fri, 16 Jan 2026 10:16:08 GMT
2026-02-11 01:38:24,285 | scrapers.common | DEBUG | Could not parse date: Fri, 16 Jan 2026 10:16:03 GMT
2026-02-11 01:38:24,287 | scrapers.common | DEBUG | Could not parse date: Wed, 14 Jan 2026 20:46:36 GMT
2026-02-11 01:38:24,288 | scrapers.common | DEBUG | Could not parse date: Wed, 14 Jan 2026 20:46:28 GMT
2026-02-11 01:38:24,291 | scrapers.common | DEBUG | Could not parse date: Wed, 14 Jan 2026 13:45:40 GMT
2026-02-11 01:38:24,294 | scrapers.common | DEBUG | Could not parse date: Tue, 13 Jan 2026 18:29:39 GMT
2026-02-11 01:38:24,296 | scrapers.common | DEBUG | Could not parse date: Tue, 13 Jan 2026 17:34:31 GMT
2026-02-11 01:38:24,299 | scrapers.common | DEBUG | Could not parse date: Tue, 13 Jan 2026 09:27:49 GMT
2026-02-11 01:38:24,300 | scrapers.common | DEBUG | Could not parse date: Mon, 12 Jan 2026 21:00:39 GMT
2026-02-11 01:38:24,300 | scrapers.common | DEBUG | Could not parse date: Mon, 12 Jan 2026 13:19:44 GMT
2026-02-11 01:38:24,300 | scrapers.common | DEBUG | Could not parse date: Sun, 11 Jan 2026 20:30:35 GMT
2026-02-11 01:38:24,304 | scrapers.common | DEBUG | Could not parse date: Sat, 10 Jan 2026 23:00:36 GMT
2026-02-11 01:38:24,306 | scrapers.rss_common | INFO | RSS Remotive RSS: fetched 26 jobs
2026-02-11 01:38:24,530 | scrapers.rss_common | WARNING | RSS feed parsing warning for We Work Remotely: <unknown>:2:26: not well-formed (invalid token)
2026-02-11 01:38:24,530 | scrapers.rss_common | INFO | RSS We Work Remotely: fetched 0 jobs
2026-02-11 01:38:25,712 | scrapers.rss_common | WARNING | RSS feed parsing warning for No Fluff Jobs: <unknown>:43:9823: mismatched tag
2026-02-11 01:38:25,751 | scrapers.rss_common | INFO | RSS No Fluff Jobs: fetched 0 jobs
2026-02-11 01:38:25,818 | scrapers.common | DEBUG | Could not parse date: Tue, 03 Feb 2026 15:46:09 +0000
2026-02-11 01:38:25,820 | scrapers.common | DEBUG | Could not parse date: Mon, 26 Jan 2026 17:02:20 +0000
2026-02-11 01:38:25,837 | scrapers.common | DEBUG | Could not parse date: Tue, 08 Jul 2025 19:57:39 +0000
2026-02-11 01:38:25,863 | scrapers.common | DEBUG | Could not parse date: Fri, 20 Jun 2025 19:14:26 +0000
2026-02-11 01:38:25,864 | scrapers.common | DEBUG | Could not parse date: Thu, 19 Jun 2025 13:23:02 +0000
2026-02-11 01:38:25,865 | scrapers.common | DEBUG | Could not parse date: Thu, 19 Jun 2025 12:24:11 +0000
2026-02-11 01:38:25,867 | scrapers.common | DEBUG | Could not parse date: Wed, 18 Jun 2025 15:37:21 +0000
2026-02-11 01:38:25,868 | scrapers.common | DEBUG | Could not parse date: Wed, 18 Jun 2025 14:36:38 +0000
2026-02-11 01:38:25,869 | scrapers.common | DEBUG | Could not parse date: Tue, 17 Jun 2025 21:47:12 +0000
2026-02-11 01:38:25,871 | scrapers.common | DEBUG | Could not parse date: Tue, 17 Jun 2025 21:11:29 +0000
2026-02-11 01:38:25,871 | scrapers.rss_common | INFO | RSS Authentic Jobs: fetched 10 jobs
2026-02-11 01:38:25,882 | scrapers.rss_common | WARNING | RSS feed parsing warning for Rust Jobs: <urlopen error [Errno 11001] getaddrinfo failed>
2026-02-11 01:38:25,916 | scrapers.rss_common | INFO | RSS Rust Jobs: fetched 0 jobs
2026-02-11 01:38:25,942 | scrapers.rss_common | WARNING | RSS feed parsing warning for Java Jobs: <urlopen error [Errno 11001] getaddrinfo failed>
2026-02-11 01:38:25,963 | scrapers.rss_common | INFO | RSS Java Jobs: fetched 0 jobs
2026-02-11 01:38:26,133 | scrapers.rss_common | ERROR | RSS feed error for DeveloperJob: [SSL: WRONG_VERSION_NUMBER] wrong version number (_ssl.c:2580)
2026-02-11 01:38:26,564 | scrapers.rss_common | WARNING | RSS feed parsing warning for Golang Jobs: <unknown>:12:65: not well-formed (invalid token)
2026-02-11 01:38:26,565 | scrapers.rss_common | INFO | RSS Golang Jobs: fetched 0 jobs
2026-02-11 01:38:26,776 | scrapers.rss_common | WARNING | RSS feed parsing warning for Stack Overflow: <unknown>:2:3012: not well-formed (invalid token)
2026-02-11 01:38:26,776 | scrapers.rss_common | INFO | RSS Stack Overflow: fetched 0 jobs
2026-02-11 01:38:27,014 | scrapers.rss_common | WARNING | RSS feed parsing warning for Data Jobs: <urlopen error [Errno 11001] getaddrinfo failed>
2026-02-11 01:38:27,014 | scrapers.rss_common | INFO | RSS Data Jobs: fetched 0 jobs
2026-02-11 01:38:27,625 | scrapers.rss_common | WARNING | RSS feed parsing warning for Design Jobs: <unknown>:28:76: not well-formed (invalid token)
2026-02-11 01:38:27,625 | scrapers.rss_common | INFO | RSS Design Jobs: fetched 0 jobs
2026-02-11 01:38:28,004 | scrapers.rss_common | WARNING | RSS feed parsing warning for Marketing Jobs: <unknown>:26:113: not well-formed (invalid token)
2026-02-11 01:38:28,004 | scrapers.rss_common | INFO | RSS Marketing Jobs: fetched 0 jobs
2026-02-11 01:38:28,124 | scrapers.rss_common | WARNING | RSS feed parsing warning for Sales Jobs: <unknown>:26:113: not well-formed (invalid token)
2026-02-11 01:38:28,124 | scrapers.rss_common | INFO | RSS Sales Jobs: fetched 0 jobs
2026-02-11 01:38:29,002 | scrapers.rss_common | WARNING | RSS feed parsing warning for Business Jobs: <urlopen error [Errno 11001] getaddrinfo failed>
2026-02-11 01:38:29,003 | scrapers.rss_common | INFO | RSS Business Jobs: fetched 0 jobs
2026-02-11 01:38:29,097 | scrapers.rss_common | WARNING | RSS feed parsing warning for Translator Jobs: text/html is not an XML media type
2026-02-11 01:38:29,097 | scrapers.rss_common | INFO | RSS Translator Jobs: fetched 0 jobs
2026-02-11 01:38:29,187 | scrapers.rss_common | WARNING | RSS feed parsing warning for Project Management Jobs: <urlopen error [Errno 11001] getaddrinfo failed>
2026-02-11 01:38:29,187 | scrapers.rss_common | INFO | RSS Project Management Jobs: fetched 0 jobs
2026-02-11 01:38:29,590 | scrapers.rss_common | WARNING | RSS feed parsing warning for Virtual Jobs: <unknown>:2:33: not well-formed (invalid token)
2026-02-11 01:38:29,590 | scrapers.rss_common | INFO | RSS Virtual Jobs: fetched 0 jobs
2026-02-11 01:38:29,950 | scrapers.common | DEBUG | Could not parse date: Mon, 01 Dec 2025 16:22:48 +0000
2026-02-11 01:38:29,951 | scrapers.common | DEBUG | Could not parse date: Mon, 01 Dec 2025 16:17:57 +0000
2026-02-11 01:38:29,952 | scrapers.common | DEBUG | Could not parse date: Sun, 30 Nov 2025 17:42:38 +0000
2026-02-11 01:38:29,953 | scrapers.common | DEBUG | Could not parse date: Thu, 27 Nov 2025 18:46:37 +0000
2026-02-11 01:38:29,956 | scrapers.common | DEBUG | Could not parse date: Thu, 27 Nov 2025 18:34:29 +0000
2026-02-11 01:38:29,956 | scrapers.common | DEBUG | Could not parse date: Sun, 23 Nov 2025 15:34:14 +0000
2026-02-11 01:38:29,959 | scrapers.common | DEBUG | Could not parse date: Sun, 23 Nov 2025 09:52:16 +0000
2026-02-11 01:38:29,960 | scrapers.common | DEBUG | Could not parse date: Sun, 23 Nov 2025 08:58:33 +0000
2026-02-11 01:38:29,961 | scrapers.common | DEBUG | Could not parse date: Sun, 09 Nov 2025 14:53:31 +0000
2026-02-11 01:38:29,963 | scrapers.common | DEBUG | Could not parse date: Tue, 04 Nov 2025 15:04:00 +0000
2026-02-11 01:38:29,964 | scrapers.rss_common | INFO | RSS JobIcy: fetched 10 jobs
2026-02-11 01:38:31,406 | scrapers.rss_common | WARNING | RSS feed parsing warning for AI Jobs: <unknown>:2:0: syntax error
2026-02-11 01:38:31,407 | scrapers.rss_common | INFO | RSS AI Jobs: fetched 0 jobs
2026-02-11 01:38:32,563 | scrapers.rss_common | WARNING | RSS feed parsing warning for Security Jobs: <unknown>:3:0: XML or text declaration not at start of entity
2026-02-11 01:38:32,564 | scrapers.common | DEBUG | Could not parse date: Thu, 05 Feb 2026 20:18:35 +0000
2026-02-11 01:38:32,565 | scrapers.rss_common | INFO | RSS Security Jobs: fetched 1 jobs
2026-02-11 01:38:34,248 | scrapers.rss_common | WARNING | RSS feed parsing warning for Content Jobs: text/html; charset=utf-8 is not an XML media type
2026-02-11 01:38:34,249 | scrapers.rss_common | INFO | RSS Content Jobs: fetched 0 jobs
2026-02-11 01:38:37,191 | scrapers.rss_common | WARNING | RSS feed parsing warning for DevOps Jobs: <urlopen error [SSL: CERTIFICATE_VERIFY_FAILED] certificate verify failed: Hostname mismatch, certificate is not valid for 'www.devopsboard.com'. (_ssl.c:1006)>
2026-02-11 01:38:37,191 | scrapers.rss_common | INFO | RSS DevOps Jobs: fetched 0 jobs
2026-02-11 01:38:42,684 | utils.cache | DEBUG | Cache HIT for key: jobs_-7954521393519236115
2026-02-11 01:39:46,326 | scrapers.rss_common | WARNING | RSS feed parsing warning for Ruby on Rails Jobs: <urlopen error [SSL: UNEXPECTED_EOF_WHILE_READING] EOF occurred in violation of protocol (_ssl.c:1006)>
2026-02-11 01:39:46,327 | scrapers.rss_common | INFO | RSS Ruby on Rails Jobs: fetched 0 jobs
2026-02-11 01:39:51,523 | scrapers.rss_common | WARNING | RSS feed parsing warning for Education Jobs: <urlopen error [SSL: UNEXPECTED_EOF_WHILE_READING] EOF occurred in violation of protocol (_ssl.c:1006)>
2026-02-11 01:39:51,523 | scrapers.rss_common | INFO | RSS Education Jobs: fetched 0 jobs
2026-02-11 01:48:22,477 | scrapers.rss_common | ERROR | RSS feed error for FlexJobs: Remote end closed connection without response
